app/actions.ts(63,92): error TS2349: This expression is not callable.
  Type 'String' has no call signatures.
components/usage-card.tsx(109,46): error TS2304: Cannot find name 'percentage'.
scripts/test-admin.ts(3,24): error TS2307: Cannot find module 'dotenv' or its corresponding type declarations.
