app/actions.ts(85,18): error TS2349: This expression is not callable.
  Type 'String' has no call signatures.
scripts/test-admin.ts(3,24): error TS2307: Cannot find module 'dotenv' or its corresponding type declarations.
