
C:\Users\patil\Desktop\Back IMU project\Transcript\mobile>set JAVA_HOME=C:\Program Files\Eclipse Adoptium\jdk-17.0.14.7-hotspot 

C:\Users\patil\Desktop\Back IMU project\Transcript\mobile>cd android 

C:\Users\patil\Desktop\Back IMU project\Transcript\mobile\android>call gradlew.bat clean assembleRelease 
> Task :expo-gradle-plugin:expo-autolinking-plugin-shared:checkKotlinGradlePluginConfigurationErrors SKIPPED
> Task :expo-gradle-plugin:expo-autolinking-settings-plugin:checkKotlinGradlePluginConfigurationErrors SKIPPED
> Task :gradle-plugin:shared:checkKotlinGradlePluginConfigurationErrors SKIPPED
> Task :gradle-plugin:settings-plugin:checkKotlinGradlePluginConfigurationErrors SKIPPED
> Task :expo-gradle-plugin:expo-autolinking-settings-plugin:pluginDescriptors UP-TO-DATE
> Task :gradle-plugin:settings-plugin:pluginDescriptors UP-TO-DATE
> Task :expo-gradle-plugin:expo-autolinking-settings-plugin:processResources UP-TO-DATE
> Task :gradle-plugin:settings-plugin:processResources UP-TO-DATE
> Task :gradle-plugin:shared:compileKotlin UP-TO-DATE
> Task :expo-gradle-plugin:expo-autolinking-plugin-shared:compileKotlin UP-TO-DATE
> Task :gradle-plugin:shared:compileJava NO-SOURCE
> Task :gradle-plugin:shared:processResources NO-SOURCE
> Task :gradle-plugin:shared:classes UP-TO-DATE
> Task :expo-gradle-plugin:expo-autolinking-plugin-shared:compileJava NO-SOURCE
> Task :expo-gradle-plugin:expo-autolinking-plugin-shared:processResources NO-SOURCE
> Task :expo-gradle-plugin:expo-autolinking-plugin-shared:classes UP-TO-DATE
> Task :gradle-plugin:shared:jar UP-TO-DATE
> Task :expo-gradle-plugin:expo-autolinking-plugin-shared:jar UP-TO-DATE
> Task :gradle-plugin:settings-plugin:compileKotlin UP-TO-DATE
> Task :gradle-plugin:settings-plugin:compileJava NO-SOURCE
> Task :gradle-plugin:settings-plugin:classes UP-TO-DATE
> Task :gradle-plugin:settings-plugin:jar UP-TO-DATE
> Task :expo-gradle-plugin:expo-autolinking-settings-plugin:compileKotlin UP-TO-DATE
> Task :expo-gradle-plugin:expo-autolinking-settings-plugin:compileJava NO-SOURCE
> Task :expo-gradle-plugin:expo-autolinking-settings-plugin:classes UP-TO-DATE
> Task :expo-gradle-plugin:expo-autolinking-settings-plugin:jar UP-TO-DATE
> Task :gradle-plugin:react-native-gradle-plugin:checkKotlinGradlePluginConfigurationErrors SKIPPED
> Task :expo-gradle-plugin:expo-autolinking-plugin:checkKotlinGradlePluginConfigurationErrors SKIPPED
> Task :expo-module-gradle-plugin:checkKotlinGradlePluginConfigurationErrors SKIPPED
> Task :expo-module-gradle-plugin:pluginDescriptors UP-TO-DATE
> Task :expo-module-gradle-plugin:processResources UP-TO-DATE
> Task :expo-gradle-plugin:expo-autolinking-plugin:compileKotlin UP-TO-DATE
> Task :gradle-plugin:react-native-gradle-plugin:compileKotlin UP-TO-DATE
> Task :expo-gradle-plugin:expo-autolinking-plugin:compileJava NO-SOURCE
> Task :expo-gradle-plugin:expo-autolinking-plugin:pluginDescriptors UP-TO-DATE
> Task :gradle-plugin:react-native-gradle-plugin:compileJava NO-SOURCE
> Task :gradle-plugin:react-native-gradle-plugin:pluginDescriptors UP-TO-DATE
> Task :expo-gradle-plugin:expo-autolinking-plugin:processResources UP-TO-DATE
> Task :expo-gradle-plugin:expo-autolinking-plugin:classes UP-TO-DATE
> Task :gradle-plugin:react-native-gradle-plugin:processResources UP-TO-DATE
> Task :gradle-plugin:react-native-gradle-plugin:classes UP-TO-DATE
> Task :expo-gradle-plugin:expo-autolinking-plugin:jar UP-TO-DATE
> Task :gradle-plugin:react-native-gradle-plugin:jar UP-TO-DATE
> Task :expo-module-gradle-plugin:compileKotlin UP-TO-DATE
> Task :expo-module-gradle-plugin:compileJava NO-SOURCE
> Task :expo-module-gradle-plugin:classes UP-TO-DATE
> Task :expo-module-gradle-plugin:jar UP-TO-DATE

> Configure project :
[32m[ExpoRootProject][0m Using the following versions:
  - buildTools:  [32m36.0.0[0m
  - minSdk:      [32m24[0m
  - compileSdk:  [32m36[0m
  - targetSdk:   [32m36[0m
  - ndk:         [32m27.1.12297006[0m
  - kotlin:      [32m2.1.20[0m
  - ksp:         [32m2.1.20-2.0.1[0m

> Configure project :expo

Using expo modules
  - [32mexpo-constants[0m (18.0.13)
  - [32mexpo-modules-core[0m (3.0.29)
  - [33m[?][0m [32mexpo-asset[0m (12.0.12)
  - [33m[?][0m [32mexpo-av[0m (16.0.8)
  - [33m[?][0m [32mexpo-file-system[0m (19.0.21)
  - [33m[?][0m [32mexpo-font[0m (14.0.11)
  - [33m[?][0m [32mexpo-keep-awake[0m (15.0.8)
  - [33m[?][0m [32mexpo-linking[0m (8.0.11)


> Task :react-native-worklets-core:deleteCmakeCache
> Task :react-native-worklets-core:externalNativeBuildCleanDebug
> Task :react-native-worklets-core:externalNativeBuildCleanRelease
> Task :react-native-worklets:cleanCmakeCache
> Task :react-native-worklets:externalNativeBuildCleanDebug
> Task :react-native-worklets:externalNativeBuildCleanRelease
> Task :expo-constants:clean
> Task :expo-constants:checkKotlinGradlePluginConfigurationErrors SKIPPED
> Task :react-native-reanimated:cleanCmakeCache
> Task :react-native-reanimated:externalNativeBuildCleanDebug
> Task :react-native-reanimated:externalNativeBuildCleanRelease

> Task :react-native-screens:externalNativeBuildCleanDebug
Clean rnscreens-armeabi-v7a
Clean rnscreens-arm64-v8a
Clean rnscreens-x86_64
Clean rnscreens-x86

> Task :app:externalNativeBuildCleanDebug
Clean react_codegen_rnreanimated-armeabi-v7a, react_codegen_safeareacontext-armeabi-v7a, react_codegen_RNWhisperSpec-armeabi-v7a, react_codegen_RNWorkletsSpec-armeabi-v7a, react_codegen_rnscreens-armeabi-v7a, appmodules-armeabi-v7a, react_codegen_rnworklets-armeabi-v7a, react_codegen_rnasyncstorage-armeabi-v7a
C/C++: -- GLOB mismatch!

> Task :expo-modules-core:externalNativeBuildCleanDebug
Clean fabric-armeabi-v7a, expo-modules-core-armeabi-v7a
Clean fabric-arm64-v8a, expo-modules-core-arm64-v8a
Clean fabric-x86_64, expo-modules-core-x86_64
Clean fabric-x86, expo-modules-core-x86

> Task :whisper.rn:externalNativeBuildCleanDebug
Clean rnwhisper-armeabi-v7a, rnwhisper_vfpv4-armeabi-v7a
Clean rnwhisper-arm64-v8a, rnwhisper_v8fp16_va_2-arm64-v8a, rnwhisper_v8-arm64-v8a
Clean rnwhisper-x86_64, rnwhisper_x86_64-x86_64
Clean rnwhisper-x86

> Task :react-native-fs:clean
> Task :react-native-fs:preBuild UP-TO-DATE
> Task :react-native-fs:preReleaseBuild UP-TO-DATE

> Task :react-native-screens:externalNativeBuildCleanRelease
Clean rnscreens-armeabi-v7a
Clean rnscreens-arm64-v8a
Clean rnscreens-x86_64

> Task :react-native-safe-area-context:clean
> Task :react-native-safe-area-context:checkKotlinGradlePluginConfigurationErrors SKIPPED
> Task :react-native-reanimated:clean
> Task :react-native-async-storage_async-storage:clean

> Task :expo-modules-core:externalNativeBuildCleanRelease
Clean fabric-armeabi-v7a, expo-modules-core-armeabi-v7a
Clean fabric-arm64-v8a, expo-modules-core-arm64-v8a
Clean fabric-x86_64, expo-modules-core-x86_64

> Task :react-native-worklets:clean
> Task :react-native-reanimated:assertMinimalReactNativeVersionTask
> Task :react-native-reanimated:assertNewArchitectureEnabledTask SKIPPED
> Task :expo:clean
> Task :expo:checkKotlinGradlePluginConfigurationErrors SKIPPED

> Task :whisper.rn:externalNativeBuildCleanRelease
Clean rnwhisper-armeabi-v7a, rnwhisper_vfpv4-armeabi-v7a
Clean rnwhisper-arm64-v8a, rnwhisper_v8fp16_va_2-arm64-v8a, rnwhisper_v8-arm64-v8a
Clean rnwhisper-x86_64, rnwhisper_x86_64-x86_64

> Task :react-native-reanimated:assertWorkletsVersionTask

> Task :app:externalNativeBuildCleanDebug
C/C++: CMake Error at C:/Users/patil/Desktop/Back IMU project/Transcript/mobile/android/app/build/generated/autolinking/src/main/jni/Android-autolinking.cmake:9 (add_subdirectory):
C/C++:   add_subdirectory given source "C:/Users/patil/Desktop/Back IMU
C/C++:   project/Transcript/mobile/node_modules/@react-native-async-storage/async-storage/android/build/generated/source/codegen/jni/"
C/C++:   which is not an existing directory.
C/C++: Call Stack (most recent call first):
C/C++:   C:/Users/patil/Desktop/Back IMU project/Transcript/mobile/node_modules/react-native/ReactAndroid/cmake-utils/ReactNative-application.cmake:94 (include)
C/C++:   CMakeLists.txt:31 (include)
C/C++: CMake Error at C:/Users/patil/Desktop/Back IMU project/Transcript/mobile/android/app/build/generated/autolinking/src/main/jni/Android-autolinking.cmake:12 (add_subdirectory):
C/C++:   add_subdirectory given source "C:/Users/patil/Desktop/Back IMU
C/C++:   project/Transcript/mobile/node_modules/react-native-reanimated/android/build/generated/source/codegen/jni/"
C/C++:   which is not an existing directory.
C/C++: Call Stack (most recent call first):
C/C++:   C:/Users/patil/Desktop/Back IMU project/Transcript/mobile/node_modules/react-native/ReactAndroid/cmake-utils/ReactNative-application.cmake:94 (include)
C/C++:   CMakeLists.txt:31 (include)
C/C++: CMake Error at C:/Users/patil/Desktop/Back IMU project/Transcript/mobile/android/app/build/generated/autolinking/src/main/jni/Android-autolinking.cmake:15 (add_subdirectory):
C/C++:   add_subdirectory given source "C:/Users/patil/Desktop/Back IMU
C/C++:   project/Transcript/mobile/node_modules/react-native-worklets/android/build/generated/source/codegen/jni/"
C/C++:   which is not an existing directory.
C/C++: Call Stack (most recent call first):
C/C++:   C:/Users/patil/Desktop/Back IMU project/Transcript/mobile/node_modules/react-native/ReactAndroid/cmake-utils/ReactNative-application.cmake:94 (include)
C/C++:   CMakeLists.txt:31 (include)
C/C++: CMake Error at C:/Users/patil/Desktop/Back IMU project/Transcript/mobile/android/app/build/generated/autolinking/src/main/jni/Android-autolinking.cmake:16 (add_subdirectory):
C/C++:   add_subdirectory given source "C:/Users/patil/Desktop/Back IMU
C/C++:   project/Transcript/mobile/node_modules/react-native-worklets-core/android/build/generated/source/codegen/jni/"
C/C++:   which is not an existing directory.
C/C++: Call Stack (most recent call first):
C/C++:   C:/Users/patil/Desktop/Back IMU project/Transcript/mobile/node_modules/react-native/ReactAndroid/cmake-utils/ReactNative-application.cmake:94 (include)
C/C++:   CMakeLists.txt:31 (include)
C/C++: CMake Error at C:/Users/patil/Desktop/Back IMU project/Transcript/mobile/node_modules/react-native/ReactAndroid/cmake-utils/ReactNative-application.cmake:97 (target_link_libraries):
C/C++:   Cannot specify link libraries for target "react_codegen_rnasyncstorage"
C/C++:   which is not built by this project.
C/C++: Call Stack (most recent call first):
C/C++:   CMakeLists.txt:31 (include)
C/C++: ninja: error: rebuilding 'build.ninja': subcommand failed

> Task :react-native-worklets:assertMinimalReactNativeVersionTask
> Task :react-native-worklets:assertNewArchitectureEnabledTask SKIPPED
> Task :app:externalNativeBuildCleanDebug FAILED
> Task :react-native-worklets-core:clean
> Task :whisper.rn:clean
> Task :react-native-screens:clean FAILED
> Task :expo-modules-core:clean

[Incubating] Problems report is available at: file:///C:/Users/patil/Desktop/Back%20IMU%20project/Transcript/mobile/android/build/reports/problems/problems-report.html

FAILURE: Build completed with 2 failures.

1: Task failed with an exception.
-----------
* What went wrong:
Execution failed for task ':app:externalNativeBuildCleanDebug'.
> com.android.ide.common.process.ProcessException: ninja: Entering directory `C:\Users\patil\Desktop\Back IMU project\Transcript\mobile\android\app\.cxx\Debug\6n14215l\armeabi-v7a'
  [0/2] Re-checking globbed directories...
  [1/2] Re-running CMake...
  -- Configuring incomplete, errors occurred!
  See also "C:/Users/patil/Desktop/Back IMU project/Transcript/mobile/android/app/.cxx/Debug/6n14215l/armeabi-v7a/CMakeFiles/CMakeOutput.log".
  See also "C:/Users/patil/Desktop/Back IMU project/Transcript/mobile/android/app/.cxx/Debug/6n14215l/armeabi-v7a/CMakeFiles/CMakeError.log".
  FAILED: build.ninja 
  C:\Users\patil\AppData\Local\Android\Sdk\cmake\3.22.1\bin\cmake.exe --regenerate-during-build -S"C:\Users\patil\Desktop\Back IMU project\Transcript\mobile\node_modules\react-native\ReactAndroid\cmake-utils\default-app-setup" -B"C:\Users\patil\Desktop\Back IMU project\Transcript\mobile\android\app\.cxx\Debug\6n14215l\armeabi-v7a"
  
  C++ build system [clean] failed while executing:
      @echo off
      "C:\\Users\\patil\\AppData\\Local\\Android\\Sdk\\cmake\\3.22.1\\bin\\ninja.exe" ^
        -C ^
        "C:\\Users\\patil\\Desktop\\Back IMU project\\Transcript\\mobile\\android\\app\\.cxx\\Debug\\6n14215l\\armeabi-v7a" ^
        clean
    from C:\Users\patil\Desktop\Back IMU project\Transcript\mobile\android\app
  -- GLOB mismatch!
  CMake Error at C:/Users/patil/Desktop/Back IMU project/Transcript/mobile/android/app/build/generated/autolinking/src/main/jni/Android-autolinking.cmake:9 (add_subdirectory):
    add_subdirectory given source "C:/Users/patil/Desktop/Back IMU
    project/Transcript/mobile/node_modules/@react-native-async-storage/async-storage/android/build/generated/source/codegen/jni/"
    which is not an existing directory.
  Call Stack (most recent call first):
    C:/Users/patil/Desktop/Back IMU project/Transcript/mobile/node_modules/react-native/ReactAndroid/cmake-utils/ReactNative-application.cmake:94 (include)
    CMakeLists.txt:31 (include)
  
  
  CMake Error at C:/Users/patil/Desktop/Back IMU project/Transcript/mobile/android/app/build/generated/autolinking/src/main/jni/Android-autolinking.cmake:12 (add_subdirectory):
    add_subdirectory given source "C:/Users/patil/Desktop/Back IMU
    project/Transcript/mobile/node_modules/react-native-reanimated/android/build/generated/source/codegen/jni/"
    which is not an existing directory.
  Call Stack (most recent call first):
    C:/Users/patil/Desktop/Back IMU project/Transcript/mobile/node_modules/react-native/ReactAndroid/cmake-utils/ReactNative-application.cmake:94 (include)
    CMakeLists.txt:31 (include)
  
  
  CMake Error at C:/Users/patil/Desktop/Back IMU project/Transcript/mobile/android/app/build/generated/autolinking/src/main/jni/Android-autolinking.cmake:15 (add_subdirectory):
    add_subdirectory given source "C:/Users/patil/Desktop/Back IMU
    project/Transcript/mobile/node_modules/react-native-worklets/android/build/generated/source/codegen/jni/"
    which is not an existing directory.
  Call Stack (most recent call first):
    C:/Users/patil/Desktop/Back IMU project/Transcript/mobile/node_modules/react-native/ReactAndroid/cmake-utils/ReactNative-application.cmake:94 (include)
    CMakeLists.txt:31 (include)
  
  
  CMake Error at C:/Users/patil/Desktop/Back IMU project/Transcript/mobile/android/app/build/generated/autolinking/src/main/jni/Android-autolinking.cmake:16 (add_subdirectory):
    add_subdirectory given source "C:/Users/patil/Desktop/Back IMU
    project/Transcript/mobile/node_modules/react-native-worklets-core/android/build/generated/source/codegen/jni/"
    which is not an existing directory.
  Call Stack (most recent call first):
    C:/Users/patil/Desktop/Back IMU project/Transcript/mobile/node_modules/react-native/ReactAndroid/cmake-utils/ReactNative-application.cmake:94 (include)
    CMakeLists.txt:31 (include)
  
  
  CMake Error at C:/Users/patil/Desktop/Back IMU project/Transcript/mobile/node_modules/react-native/ReactAndroid/cmake-utils/ReactNative-application.cmake:97 (target_link_libraries):
    Cannot specify link libraries for target "react_codegen_rnasyncstorage"
    which is not built by this project.
  Call Stack (most recent call first):
    CMakeLists.txt:31 (include)
  
  
  ninja: error: rebuilding 'build.ninja': subcommand failed

* Try:
> Run with --stacktrace option to get the stack trace.
> Run with --info or --debug option to get more log output.
> Run with --scan to get full insights.
> Get more help at https://help.gradle.org.
==============================================================================

2: Task failed with an exception.
-----------
* What went wrong:
Execution failed for task ':react-native-screens:clean'.
> java.io.IOException: Unable to delete directory 'C:\Users\patil\Desktop\Back IMU project\Transcript\mobile\node_modules\react-native-screens\android\build'
    Failed to delete some children. This might happen because a process has files open or has its working directory set in the target directory.
    - C:\Users\patil\Desktop\Back IMU project\Transcript\mobile\node_modules\react-native-screens\android\build\intermediates\lint-cache\lintVitalAnalyzeRelease\migrated-jars\androidx.lifecycle.lint.LiveDataCoreIssueRegistry-32b654e6cacc2c23..jar
    - C:\Users\patil\Desktop\Back IMU project\Transcript\mobile\node_modules\react-native-screens\android\build\intermediates\lint-cache\lintVitalAnalyzeRelease\migrated-jars
    - C:\Users\patil\Desktop\Back IMU project\Transcript\mobile\node_modules\react-native-screens\android\build\intermediates\lint-cache\lintVitalAnalyzeRelease
    - C:\Users\patil\Desktop\Back IMU project\Transcript\mobile\node_modules\react-native-screens\android\build\intermediates\lint-cache
    - C:\Users\patil\Desktop\Back IMU project\Transcript\mobile\node_modules\react-native-screens\android\build\intermediates

* Try:
> Run with --stacktrace option to get the stack trace.
> Run with --info or --debug option to get more log output.
> Run with --scan to get full insights.
> Get more help at https://help.gradle.org.
==============================================================================

Deprecated Gradle features were used in this build, making it incompatible with Gradle 9.0.

You can use '--warning-mode all' to show the individual deprecation warnings and determine if they come from your own scripts or plugins.

For more on this, please refer to https://docs.gradle.org/8.14.3/userguide/command_line_interface.html#sec:command_line_warnings in the Gradle documentation.

BUILD FAILED in 28s
54 actionable tasks: 30 executed, 24 up-to-date
